HostME/app/build/intermediates/manifest_merge_blame_file/release/manifest-merger-blame-release-report.txt
1<?xml version="1.0" encoding="utf-8"?>
2<manifest xmlns:android="http://schemas.android.com/apk/res/android"
3    package="com.example.meat"
4    android:versionCode="1"
5    android:versionName="1.0" >
6
7    <uses-sdk
8        android:minSdkVersion="19"
8-->src\main\AndroidManifest.xml
9        android:targetSdkVersion="29" />
9-->src\main\AndroidManifest.xml
10
11    <application
11-->src\main\AndroidManifest.xml:5:5-35:19
12        android:allowBackup="true"
12-->src\main\AndroidManifest.xml:6:9-35
13        android:appComponentFactory="androidx.core.app.CoreComponentFactory"
13-->[androidx.core:core:1.1.0] AndroidManifest.xml:24:18-86
14        android:icon="@mipmap/ic_launcher"
14-->src\main\AndroidManifest.xml:7:9-43
15        android:label="@string/app_name"
15-->src\main\AndroidManifest.xml:8:9-41
16        android:roundIcon="@mipmap/ic_launcher_round"
16-->src\main\AndroidManifest.xml:9:9-54
17        android:supportsRtl="true"
17-->src\main\AndroidManifest.xml:10:9-35
18        android:theme="@style/AppTheme" >
18-->src\main\AndroidManifest.xml:11:9-40
19        <activity android:name="com.example.meat.DetailHistoryActivity" />
19-->src\main\AndroidManifest.xml:12:9-68
19-->src\main\AndroidManifest.xml:12:19-56
20        <activity android:name="com.example.meat.EatActivity" />
20-->src\main\AndroidManifest.xml:13:9-49
20-->src\main\AndroidManifest.xml:13:19-46
21        <activity android:name="com.example.meat.VerifikasiActivity" />
21-->src\main\AndroidManifest.xml:14:9-56
21-->src\main\AndroidManifest.xml:14:19-53
22        <activity android:name="com.example.meat.Splasher" >
22-->src\main\AndroidManifest.xml:15:9-21:20
22-->src\main\AndroidManifest.xml:15:19-43
23            <intent-filter>
23-->src\main\AndroidManifest.xml:16:13-20:29
24                <action android:name="android.intent.action.MAIN" />
24-->src\main\AndroidManifest.xml:17:17-69
24-->src\main\AndroidManifest.xml:17:25-66
25
26                <category android:name="android.intent.category.LAUNCHER" />
26-->src\main\AndroidManifest.xml:19:17-77
26-->src\main\AndroidManifest.xml:19:27-74
27            </intent-filter>
28        </activity>
29        <activity android:name="com.example.meat.Register" />
29-->src\main\AndroidManifest.xml:22:9-46
29-->src\main\AndroidManifest.xml:22:19-43
30        <activity android:name="com.example.meat.Login" />
30-->src\main\AndroidManifest.xml:23:9-43
30-->src\main\AndroidManifest.xml:23:19-40
31        <activity android:name="com.example.meat.PaymentActivity" />
31-->src\main\AndroidManifest.xml:24:9-53
31-->src\main\AndroidManifest.xml:24:19-50
32        <activity android:name="com.example.meat.HistoryActivity" />
32-->src\main\AndroidManifest.xml:25:9-53
32-->src\main\AndroidManifest.xml:25:19-50
33        <activity android:name="com.example.meat.HostActivity" />
33-->src\main\AndroidManifest.xml:26:9-50
33-->src\main\AndroidManifest.xml:26:19-47
34        <activity android:name="com.example.meat.ProfileActivity" />
34-->src\main\AndroidManifest.xml:27:9-53
34-->src\main\AndroidManifest.xml:27:19-50
35        <activity android:name="com.example.meat.MainActivity" >
35-->src\main\AndroidManifest.xml:28:9-34:20
35-->src\main\AndroidManifest.xml:28:19-47
36            <intent-filter>
36-->src\main\AndroidManifest.xml:16:13-20:29
37                <action android:name="android.intent.action.MAIN" />
37-->src\main\AndroidManifest.xml:17:17-69
37-->src\main\AndroidManifest.xml:17:25-66
38
39                <category android:name="android.intent.category.LAUNCHER" />
39-->src\main\AndroidManifest.xml:19:17-77
39-->src\main\AndroidManifest.xml:19:27-74
40            </intent-filter>
41        </activity>
42    </application>
43
44</manifest>